
--- Job RNMD.gms Start 02/06/12 01:31:45 WEX-WEI 23.7.3 x86_64/MS Windows     
GAMS Rev 237  Copyright (C) 1987-2011 GAMS Development. All rights reserved
Licensee: Ignacio E. Grossmann                           G120106/0001AP-GEN
          Carnegie Mellon University, Dept. of Chemical Engineering  DC9476
          License for teaching and research at degree granting institutions
--- Starting compilation
--- RNMD.gms(9) 2 Mb
--- .teste_sets.inc(2) 3 Mb
--- RNMD.gms(45) 3 Mb
--- .teste.inc(512920) 49 Mb
--- RNMD.gms(340) 49 Mb
--- Starting execution: elapsed 0:00:01.148
--- RNMD.gms(513184) 65 Mb
--- Generating MIP model Rel
--- RNMD.gms(513198) 72 Mb
--- LOOPS FOR/WHILE = 1
---   6,526 rows  2,651 columns  146,292 non-zeroes
--- Executing CPLEX: elapsed 0:00:05.613

IBM ILOG CPLEX   Jul 14, 2011 23.7.3 WEX 27723.27726 WEI x86_64/MS Windows
--- GAMS/Cplex licensed for continuous and discrete problems.
Cplex 12.3.0.0

Reading data...
Starting Cplex...
Tried aggregator 1 time.
LP Presolve eliminated 1326 rows and 1 columns.
Aggregator did 1325 substitutions.
Reduced LP has 3875 rows, 1325 columns, and 140899 nonzeros.
Presolve time =    0.03 sec.

Iteration log . . .
Iteration:     1   Scaled dual infeas =           640.609949
Iteration:    84   Scaled dual infeas =           596.466558
Iteration:   165   Scaled dual infeas =           561.698687
Iteration:   258   Scaled dual infeas =           502.757904
Iteration:   364   Scaled dual infeas =           420.145635
Iteration:   482   Scaled dual infeas =           322.953862
Iteration:   607   Scaled dual infeas =           229.226193
Iteration:   744   Scaled dual infeas =            82.636542
Iteration:   923   Scaled dual infeas =             0.585934
Iteration:  1065   Dual objective     =          -787.669741
Iteration:  1184   Dual objective     =          -696.631280
Iteration:  1318   Dual objective     =          -629.479630
Iteration:  1458   Dual objective     =          -502.312575
Iteration:  1648   Dual objective     =          -389.067712
Iteration:  1822   Dual objective     =          -358.833756
Iteration:  2001   Dual objective     =          -326.178859
LP status(1): optimal

Optimal solution found.
Objective :        -325.371594

--- Restarting execution
--- RNMD.gms(513198) 10 Mb
--- Reading solution for model Rel
--- Executing after solve: elapsed 0:00:06.275
--- RNMD.gms(513184) 11 Mb
--- Generating NLP model Ori
--- RNMD.gms(513208) 15 Mb
--- LOOPS FOR/WHILE = 1
---   101 rows  51 columns  5,051 non-zeroes
---   523,126 nl-code  5,050 nl-non-zeroes
--- RNMD.gms(513208) 11 Mb
--- Executing CONOPT: elapsed 0:00:06.429
CONOPT 3         Jul 14, 2011 23.7.3 WEX 27723.27726 WEI x86_64/MS Windows    
 
 
    C O N O P T 3   version 3.15A
    Copyright (C)   ARKI Consulting and Development A/S
                    Bagsvaerdvej 246 A
                    DK-2880 Bagsvaerd, Denmark
 
 
   Iter Phase Ninf   Infeasibility   RGmax    NSB   Step InItr MX OK
      0   0        3.2407159430E+02 (Input point)
                                Pre-triangular equations:        0
                                Post-triangular equations:       1
      1   0        1.6070000000E+01 (After pre-processing)
      2   0        4.0175000000E+00 (After scaling)
     10   0     0  3.6522346902E-07               1.0E+00      F  T
 
 ** Feasible solution. Value of objective =   -18.5185869965
 
   Iter Phase Ninf     Objective     RGmax    NSB   Step InItr MX OK
     16   3       -1.1569518348E+02 1.1E+01    35 9.8E-01   13 T  T
     21   3       -1.3385681492E+02 1.2E+00     3 9.7E-01    4 T  T
     24   3       -1.3387541564E+02 0.0E+00     0
 
 ** Optimal solution. There are no superbasic variables.
 
--- Restarting execution
--- RNMD.gms(513208) 10 Mb
--- Reading solution for model Ori
--- Executing after solve: elapsed 0:00:07.050
--- RNMD.gms(513184) 19 Mb
--- Generating MIP model Rel
--- RNMD.gms(513198) 26 Mb
--- LOOPS FOR/WHILE = 2
---   11,626 rows  3,976 columns  157,817 non-zeroes
---   50 discrete-columns
--- Executing CPLEX: elapsed 0:00:10.736

IBM ILOG CPLEX   Jul 14, 2011 23.7.3 WEX 27723.27726 WEI x86_64/MS Windows
--- GAMS/Cplex licensed for continuous and discrete problems.
Cplex 12.3.0.0

Reading data...
Starting Cplex...
Tried aggregator 1 time.
MIP Presolve eliminated 2551 rows and 1 columns.
MIP Presolve modified 50 coefficients.
Reduced MIP has 9075 rows, 3975 columns, and 153949 nonzeros.
Reduced MIP has 50 binaries, 0 generals, 0 SOSs, and 0 indicators.
Probing time =    0.00 sec.
Tried aggregator 1 time.
Presolve time =    0.14 sec.
Probing time =    0.00 sec.
MIP emphasis: balance optimality and feasibility.
MIP search method: dynamic search.
Parallel mode: none, using 1 thread.
Initializing dual steep norms . . .

Iteration log . . .
Iteration:     1   Dual objective     =          -661.334167
Iteration:   106   Dual objective     =          -649.109811
Iteration:   227   Dual objective     =          -647.332693
Perturbation started.
Iteration:   304   Dual objective     =          -647.332693
Iteration:   445   Dual objective     =          -647.332658
Iteration:   598   Dual objective     =          -647.332621
Iteration:   784   Dual objective     =          -639.837351
Iteration:  1117   Dual objective     =          -603.522117
Iteration:  1427   Dual objective     =          -567.673128
Iteration:  1756   Dual objective     =          -536.998390
Iteration:  2080   Dual objective     =          -507.186456
Iteration:  2267   Dual objective     =          -488.135627
Iteration:  2502   Dual objective     =          -462.967031
Iteration:  2725   Dual objective     =          -440.303210
Iteration:  2923   Dual objective     =          -421.775502
Iteration:  3146   Dual objective     =          -398.920956
Iteration:  3347   Dual objective     =          -381.681905
Iteration:  3541   Dual objective     =          -362.678833
Iteration:  3764   Dual objective     =          -338.685965
Iteration:  3893   Dual objective     =          -329.642952
Removing perturbation.
Root relaxation solution time =    1.55 sec.

        Nodes                                         Cuts/
   Node  Left     Objective  IInf  Best Integer    Best Bound    ItCnt     Gap

      0     0     -324.3416    50                   -324.3416     4078         
*     0+    0                         -116.5929     -324.3416     4078  178.18%
      0     0     -323.1147    50     -116.5929      Cuts: 36     4122  177.13%
      0     0     -322.0595    50     -116.5929      Cuts: 49     4184  176.23%
      0     0     -321.7966    50     -116.5929   Flowcuts: 8     4212  176.00%
      0     0     -321.7777    50     -116.5929   Flowcuts: 4     4229  175.98%
      0     0     -321.6399    50     -116.5929   Flowcuts: 1     4253  175.87%
      0     0     -321.2910    50     -116.5929   Flowcuts: 5     4278  175.57%
      0     0     -321.1593    50     -116.5929   Flowcuts: 1     4284  175.45%
      0     0     -321.1034    50     -116.5929   Flowcuts: 1     4288  175.41%
*     0+    0                         -145.7268     -321.1034     4288  120.35%
      0     2     -321.1034    50     -145.7268     -321.0681     4288  120.32%
Elapsed real time =  13.91 sec. (tree size =  0.00 MB, solutions = 2)
      2     4     -315.6008    49     -145.7268     -315.5978     4930  116.57%
      4     6     -310.3693    48     -145.7268     -315.0140     5324  116.17%
      7     9     -300.1093    46     -145.7268     -315.0140     5940  116.17%
      9    11     -290.4952    44     -145.7268     -315.0140     6551  116.17%
     11    13     -284.1837    43     -145.7268     -315.0140     7043  116.17%
     13    15     -279.0881    42     -145.7268     -315.0140     7661  116.17%
     15    17     -271.9662    41     -145.7268     -315.0140     8354  116.17%
     17    19     -268.8029    40     -145.7268     -315.0140     9014  116.17%
     19    21     -262.0888    39     -145.7268     -315.0140     9382  116.17%
     30    32     -238.6993    33     -145.7268     -315.0140    10998  116.17%
Elapsed real time =  17.95 sec. (tree size =  1.22 MB, solutions = 2)
     39    41     -213.8022    27     -145.7268     -315.0140    12839  116.17%
     44    46     -198.6478    23     -145.7268     -315.0140    13747  116.17%
     50    52     -180.0948    18     -145.7268     -315.0140    15019  116.17%
     57    59     -164.8936    11     -145.7268     -315.0140    16804  116.17%
*    67    67      integral     0     -158.5064     -315.0140    17816   98.74%
     70    68     -303.3309    47     -158.5064     -314.9882    18394   98.72%
                                                     Fract: 2                  
     76    74     -270.2815    41     -158.5064     -314.9882    20206   98.72%
     80    78     -258.7274    39     -158.5064     -314.9882    21431   98.72%
     95    93     -203.2363    25     -158.5064     -314.9882    23063   98.72%
    106   104     -167.8117    14     -158.5064     -314.9882    24769   98.72%
Elapsed real time =  28.59 sec. (tree size =  5.05 MB, solutions = 3)
    124   118     -288.4699    44     -158.5064     -309.8235    26264   95.46%
    139   133     -218.9946    29     -158.5064     -309.8235    27946   95.46%
    151   145     -176.2180    17     -158.5064     -309.8235    29412   95.46%
*   167   158      integral     0     -158.7771     -309.8235    30717   95.13%
    180   169     -246.8467    36     -158.7771     -309.1834    32001   94.73%
    197   186     -179.7689    19     -158.7771     -309.1834    33803   94.73%
    214   199     -291.3782    45     -158.7771     -309.1496    35347   94.71%
    230   215     -217.1771    29     -158.7771     -309.1496    37114   94.71%
    244   229     -168.8658    15     -158.7771     -309.1496    38655   94.71%
    256   237     -292.9021    45     -158.7771     -308.4364    40324   94.26%
Elapsed real time =  40.02 sec. (tree size = 15.73 MB, solutions = 4)
    260   241     -275.5070    42     -158.7771     -308.4364    41033   94.26%
    267   248     -247.0950    36     -158.7771     -308.4364    42140   94.26%
    281   262     -191.0525    22     -158.7771     -308.4364    43933   94.26%
    293   274     -161.9576    10     -158.7771     -308.4364    45552   94.26%
    309   287     -244.4083    36     -158.7771     -305.0823    47149   92.15%
    324   302     -184.9165    21     -158.7771     -305.0823    48826   92.15%
    339   313     -297.2035    46     -158.7771     -304.5054    50392   91.78%
                                                     Fract: 1                  
    351   325     -237.6613    34     -158.7771     -304.5054    52225   91.78%
    365   339     -182.4351    20     -158.7771     -304.5054    53903   91.78%
    376   350     -162.1838     9     -158.7771     -304.5054    55440   91.78%
Elapsed real time =  55.53 sec. (tree size = 24.06 MB, solutions = 4)
*   387   352      integral     0     -159.1379     -304.5054    55791   91.35%
    403   366     -229.9702    32     -159.1379     -304.0923    57498   91.09%
    418   381     -175.1240    17     -159.1379     -304.0923    59201   91.09%
    434   393     -296.2700    46     -159.1379     -303.5762    60666   90.76%
    450   409     -220.0753    30     -159.1379     -303.5762    62439   90.76%
    463   422     -173.4166    17     -159.1379     -303.5762    64090   90.76%
    474   433     -160.0750     5     -159.1379     -303.5762    65443   90.76%
    487   442     -260.9937    39     -159.1379     -303.5705    67012   90.76%
                                                     Fract: 1                  
    500   455     -319.5855    50     -159.1379     -303.5705    73233   90.76%
    501   455     -313.2188    49     -159.1379     -303.5705    73603   90.76%
Elapsed real time =  84.77 sec. (tree size = 30.35 MB, solutions = 5)
    503   457     -307.0262    48     -159.1379     -303.5705    74209   90.76%
    505   458     -299.3907    47     -159.1379     -303.5705    74491   90.76%
    510   460     -280.7857    44     -159.1379     -303.5705    75605   90.76%
    517   464     -262.5411    40     -159.1379     -303.5705    77310   90.76%
    526   467     -240.2673    35     -159.1379     -303.5705    79316   90.76%
    531   470     -229.6570    32     -159.1379     -303.5705    80243   90.76%
    540   474     -206.7206    26     -159.1379     -303.5705    81719   90.76%
    552   480     -183.0699    19     -159.1379     -303.5705    83556   90.76%
    562   484     -165.7986    13     -159.1379     -303.5705    85128   90.76%
    570   462     -312.9070    49     -159.1379     -303.5705    86615   90.76%
Elapsed real time =  99.06 sec. (tree size = 30.73 MB, solutions = 5)
    578   466     -287.2075    44     -159.1379     -303.5705    88308   90.76%
    585   469     -263.9198    39     -159.1379     -303.5705    89984   90.76%
    594   475     -240.2858    34     -159.1379     -303.5705    91593   90.76%
    605   483     -215.0640    28     -159.1379     -303.5705    93354   90.76%
    617   490     -187.2731    21     -159.1379     -303.5705    94799   90.76%
    632   497     -167.1918    12     -159.1379     -303.5705    96529   90.76%
    646   495     -296.6946    46     -159.1379     -303.5705    98161   90.76%
    660   502     -231.1717    32     -159.1379     -303.5705    99834   90.76%
    675   506     -177.1809    17     -159.1379     -303.5705   101349   90.76%
    688   507     -302.4754    47     -159.1379     -303.5705   102808   90.76%
Elapsed real time = 110.19 sec. (tree size = 34.92 MB, solutions = 5)
    698   510     -249.3632    37     -159.1379     -303.5705   104624   90.76%
    705   512     -218.5719    30     -159.1379     -303.5705   105585   90.76%
    720   520     -168.0028    15     -159.1379     -303.5705   107433   90.76%
    734   523     -273.9988    43     -159.1379     -303.5705   108998   90.76%
    742   527     -236.0197    35     -159.1379     -303.5705   109926   90.76%
    759   536     -170.4122    18     -159.1379     -303.5705   111683   90.76%
    770   537     -285.2136    45     -159.1379     -303.3018   113422   90.59%
    779   543     -255.3695    39     -159.1379     -303.3018   115003   90.59%
    791   550     -221.8522    32     -159.1379     -303.3018   116803   90.59%
    805   559     -191.8317    24     -159.1379     -303.3018   118613   90.59%
Elapsed real time = 121.70 sec. (tree size = 42.49 MB, solutions = 5)
    820   568     -166.4607    14     -159.1379     -303.3018   120381   90.59%
    835   573     -263.8160    40     -159.1379     -303.1040   121969   90.47%
    851   582     -193.5112    24     -159.1379     -303.1040   123822   90.47%
    864   591     -162.8507    11     -159.1379     -303.1040   125374   90.47%
    880   594     -258.8563    39     -159.1379     -303.1032   127099   90.47%
    893   602     -201.5269    26     -159.1379     -303.1032   128846   90.47%
    900   605     -177.9617    19     -159.1379     -303.1032   129805   90.47%
    913   609     -284.7899    44     -159.1379     -302.5648   131481   90.13%
    920   613     -248.3308    37     -159.1379     -302.5648   133209   90.13%
    926   617     -221.8158    31     -159.1379     -302.5648   134169   90.13%
Elapsed real time = 133.02 sec. (tree size = 50.67 MB, solutions = 5)
    939   624     -174.5996    18     -159.1379     -302.5648   135881   90.13%
    952   625     -295.0556    46     -159.1379     -302.5084   137264   90.09%
    960   630     -253.5170    38     -159.1379     -302.5084   138305   90.09%
    977   640     -185.8938    21     -159.1379     -302.5084   140205   90.09%
    997   648     -296.6758    46     -159.1379     -302.4719   141735   90.07%
   1009   653     -259.4391    39     -159.1379     -302.4719   143529   90.07%
   1020   658     -223.6477    31     -159.1379     -302.4719   144865   90.07%
   1036   668     -187.6858    21     -159.1379     -302.4719   146701   90.07%
   1051   676     -164.8329     8     -159.1379     -302.4719   148355   90.07%
*  1059   594      integral     0     -162.2448     -302.4719   148549   86.43%
Elapsed real time = 144.20 sec. (tree size = 53.51 MB, solutions = 6)
   1108   613     -254.5581    38     -162.2448     -299.0823   154490   84.34%
   1160   631     -224.2423    32     -162.2448     -298.5286   160255   84.00%
   1216   655     -165.5503    12     -162.2448     -297.0830   166454   83.11%
   1258   672     -181.8493    20     -162.2448     -296.8245   172073   82.95%
   1307   717     -162.7254    12     -162.2448     -296.6925   178711   82.87%
   1353   755     -247.3384    37     -162.2448     -296.4969   184241   82.75%
   1384   782     -266.3901    41     -162.2448     -296.3327   188389   82.65%
*  1432+  822                         -162.4147     -295.6754   194458   82.05%
   1432   824     -238.9069    35     -162.4147     -295.6754   194458   82.05%
   1482   870     -246.7825    37     -162.4147     -295.0451   200757   81.66%
   1539   923     -172.0871    16     -162.4147     -294.7075   207436   81.45%
Elapsed real time = 192.08 sec. (tree size = 85.28 MB, solutions = 7)
   1591   967     -245.9404    36     -162.4147     -292.6567   213721   80.19%
   1621   993     -279.8043    43     -162.4147     -292.2330   217547   79.93%
   1671  1041        cutoff           -162.4147     -292.2330   224237   79.93%
   1731  1095     -184.1687    22     -162.4147     -291.8588   230829   79.70%
   1784  1140     -238.7981    36     -162.4147     -291.7016   237444   79.60%
   1818  1170     -256.1142    39     -162.4147     -291.4261   242592   79.43%
   1860  1210        cutoff           -162.4147     -291.4261   248964   79.43%
   1900  1244     -258.2730    39     -162.4147     -290.9484   254371   79.14%
Sending Stop signal
Exit code = -1073741510
